<?xml version="1.0" encoding="UTF-8"?>
<testng-results ignored="0" total="3" passed="3" failed="0" skipped="0">
  <reporter-output>
  </reporter-output>
  <suite started-at="2025-05-02T10:59:02 IST" name="Suite" finished-at="2025-05-02T10:59:23 IST" duration-ms="21343">
    <groups>
    </groups>
    <test started-at="2025-05-02T10:59:02 IST" name="chrometest" finished-at="2025-05-02T10:59:14 IST" duration-ms="12215">
      <class name="testCases.TC001AccountRegistration">
        <test-method is-config="true" signature="setup(java.lang.String,java.lang.String)[pri:0, instance:testCases.TC001AccountRegistration@1c5920df]" started-at="2025-05-02T10:59:02 IST" name="setup" finished-at="2025-05-02T10:59:09 IST" duration-ms="7026" status="PASS">
          <params>
            <param index="0">
              <value>
                <![CDATA[Windows]]>
              </value>
            </param>
            <param index="1">
              <value>
                <![CDATA[Chrome]]>
              </value>
            </param>
          </params>
          <reporter-output>
          </reporter-output>
        </test-method> <!-- setup -->
        <test-method signature="verify_account_registration()[pri:0, instance:testCases.TC001AccountRegistration@1c5920df]" started-at="2025-05-02T10:59:09 IST" name="verify_account_registration" finished-at="2025-05-02T10:59:14 IST" duration-ms="4431" status="PASS">
          <reporter-output>
          </reporter-output>
        </test-method> <!-- verify_account_registration -->
        <test-method is-config="true" signature="tearDown()[pri:0, instance:testCases.TC001AccountRegistration@1c5920df]" started-at="2025-05-02T10:59:14 IST" name="tearDown" finished-at="2025-05-02T10:59:14 IST" duration-ms="674" status="PASS">
          <reporter-output>
          </reporter-output>
        </test-method> <!-- tearDown -->
      </class> <!-- testCases.TC001AccountRegistration -->
    </test> <!-- chrometest -->
    <test started-at="2025-05-02T10:59:02 IST" name="edgetest" finished-at="2025-05-02T10:59:15 IST" duration-ms="13022">
      <class name="testCases.TC001AccountRegistration">
        <test-method is-config="true" signature="setup(java.lang.String,java.lang.String)[pri:0, instance:testCases.TC001AccountRegistration@496bc455]" started-at="2025-05-02T10:59:02 IST" name="setup" finished-at="2025-05-02T10:59:09 IST" duration-ms="6949" status="PASS">
          <params>
            <param index="0">
              <value>
                <![CDATA[Windows]]>
              </value>
            </param>
            <param index="1">
              <value>
                <![CDATA[edge]]>
              </value>
            </param>
          </params>
          <reporter-output>
          </reporter-output>
        </test-method> <!-- setup -->
        <test-method signature="verify_account_registration()[pri:0, instance:testCases.TC001AccountRegistration@496bc455]" started-at="2025-05-02T10:59:09 IST" name="verify_account_registration" finished-at="2025-05-02T10:59:13 IST" duration-ms="4441" status="PASS">
          <reporter-output>
          </reporter-output>
        </test-method> <!-- verify_account_registration -->
        <test-method is-config="true" signature="tearDown()[pri:0, instance:testCases.TC001AccountRegistration@496bc455]" started-at="2025-05-02T10:59:13 IST" name="tearDown" finished-at="2025-05-02T10:59:15 IST" duration-ms="1494" status="PASS">
          <reporter-output>
          </reporter-output>
        </test-method> <!-- tearDown -->
      </class> <!-- testCases.TC001AccountRegistration -->
    </test> <!-- edgetest -->
    <test started-at="2025-05-02T10:59:02 IST" name="firefoxtest" finished-at="2025-05-02T10:59:23 IST" duration-ms="21343">
      <class name="testCases.TC001AccountRegistration">
        <test-method is-config="true" signature="setup(java.lang.String,java.lang.String)[pri:0, instance:testCases.TC001AccountRegistration@7188af83]" started-at="2025-05-02T10:59:02 IST" name="setup" finished-at="2025-05-02T10:59:16 IST" duration-ms="14211" status="PASS">
          <params>
            <param index="0">
              <value>
                <![CDATA[Windows]]>
              </value>
            </param>
            <param index="1">
              <value>
                <![CDATA[firefox]]>
              </value>
            </param>
          </params>
          <reporter-output>
          </reporter-output>
        </test-method> <!-- setup -->
        <test-method signature="verify_account_registration()[pri:0, instance:testCases.TC001AccountRegistration@7188af83]" started-at="2025-05-02T10:59:16 IST" name="verify_account_registration" finished-at="2025-05-02T10:59:19 IST" duration-ms="3015" status="PASS">
          <reporter-output>
          </reporter-output>
        </test-method> <!-- verify_account_registration -->
        <test-method is-config="true" signature="tearDown()[pri:0, instance:testCases.TC001AccountRegistration@7188af83]" started-at="2025-05-02T10:59:19 IST" name="tearDown" finished-at="2025-05-02T10:59:23 IST" duration-ms="4043" status="PASS">
          <reporter-output>
          </reporter-output>
        </test-method> <!-- tearDown -->
      </class> <!-- testCases.TC001AccountRegistration -->
    </test> <!-- firefoxtest -->
  </suite> <!-- Suite -->
</testng-results>
