<?xml version="1.0" encoding="UTF-8"?>
<!-- Generated by org.testng.reporters.JUnitReportReporter -->
<testsuite hostname="Admin" failures="0" tests="3" name="testCases.TC001AccountRegistration" time="11.887" errors="0" timestamp="2025-05-02T10:59:23 IST" skipped="0">
  <testcase classname="testCases.TC001AccountRegistration" name="verify_account_registration" time="4.441"/>
  <testcase classname="testCases.TC001AccountRegistration" name="verify_account_registration" time="4.431"/>
  <testcase classname="testCases.TC001AccountRegistration" name="verify_account_registration" time="3.015"/>
</testsuite> <!-- testCases.TC001AccountRegistration -->
